DEPRECATION WARNING: Leaving `ActiveRecord::ConnectionAdapters::SQLite3Adapter.represent_boolean_as_integer`
set to false is deprecated. SQLite databases have used 't' and 'f' to serialize
boolean values and must have old data converted to 1 and 0 (its native boolean
serialization) before setting this flag to true. Conversion can be accomplished
by setting up a rake task which runs

  ExampleModel.where("boolean_column = 't'").update_all(boolean_column: 1)
  ExampleModel.where("boolean_column = 'f'").update_all(boolean_column: 0)

for all models and all boolean columns, after which the flag must be set to
true by adding the following to your application.rb file:

  Rails.application.config.active_record.sqlite3.represent_boolean_as_integer = true
 (called from <top (required)> at /home/ubuntu/workspace/learn-together/app/models/user.rb:1)
DEPRECATION WARNING: Leaving `ActiveRecord::ConnectionAdapters::SQLite3Adapter.represent_boolean_as_integer`
set to false is deprecated. SQLite databases have used 't' and 'f' to serialize
boolean values and must have old data converted to 1 and 0 (its native boolean
serialization) before setting this flag to true. Conversion can be accomplished
by setting up a rake task which runs

  ExampleModel.where("boolean_column = 't'").update_all(boolean_column: 1)
  ExampleModel.where("boolean_column = 'f'").update_all(boolean_column: 0)

for all models and all boolean columns, after which the flag must be set to
true by adding the following to your application.rb file:

  Rails.application.config.active_record.sqlite3.represent_boolean_as_integer = true
 (called from <top (required)> at /home/ubuntu/workspace/learn-together/app/models/user.rb:1)
DEPRECATION WARNING: Leaving `ActiveRecord::ConnectionAdapters::SQLite3Adapter.represent_boolean_as_integer`
set to false is deprecated. SQLite databases have used 't' and 'f' to serialize
boolean values and must have old data converted to 1 and 0 (its native boolean
serialization) before setting this flag to true. Conversion can be accomplished
by setting up a rake task which runs

  ExampleModel.where("boolean_column = 't'").update_all(boolean_column: 1)
  ExampleModel.where("boolean_column = 'f'").update_all(boolean_column: 0)

for all models and all boolean columns, after which the flag must be set to
true by adding the following to your application.rb file:

  Rails.application.config.active_record.sqlite3.represent_boolean_as_integer = true
 (called from <top (required)> at /home/ubuntu/workspace/learn-together/app/models/user.rb:1)
  [1m[35m (0.1ms)[0m  [1m[34mSELECT sqlite_version(*)[0m
  [1m[35m (12.8ms)[0m  [1m[35mCREATE TABLE "schema_migrations" ("version" varchar NOT NULL PRIMARY KEY)[0m
  [1m[35m (12.3ms)[0m  [1m[35mCREATE TABLE "ar_internal_metadata" ("key" varchar NOT NULL PRIMARY KEY, "value" varchar, "created_at" datetime NOT NULL, "updated_at" datetime NOT NULL)[0m
  [1m[35m (0.2ms)[0m  [1m[34mSELECT "schema_migrations"."version" FROM "schema_migrations" ORDER BY "schema_migrations"."version" ASC[0m
Migrating to DeviseCreateUsers (20190319225229)
DEPRECATION WARNING: Leaving `ActiveRecord::ConnectionAdapters::SQLite3Adapter.represent_boolean_as_integer`
set to false is deprecated. SQLite databases have used 't' and 'f' to serialize
boolean values and must have old data converted to 1 and 0 (its native boolean
serialization) before setting this flag to true. Conversion can be accomplished
by setting up a rake task which runs

  ExampleModel.where("boolean_column = 't'").update_all(boolean_column: 1)
  ExampleModel.where("boolean_column = 'f'").update_all(boolean_column: 0)

for all models and all boolean columns, after which the flag must be set to
true by adding the following to your application.rb file:

  Rails.application.config.active_record.sqlite3.represent_boolean_as_integer = true
 (called from <top (required)> at /home/ubuntu/workspace/learn-together/app/models/user.rb:1)
  [1m[35m (0.2ms)[0m  [1m[34mSELECT "schema_migrations"."version" FROM "schema_migrations" ORDER BY "schema_migrations"."version" ASC[0m
  [1m[35m (0.1ms)[0m  [1m[34mSELECT "schema_migrations"."version" FROM "schema_migrations" ORDER BY "schema_migrations"."version" ASC[0m
DEPRECATION WARNING: Leaving `ActiveRecord::ConnectionAdapters::SQLite3Adapter.represent_boolean_as_integer`
set to false is deprecated. SQLite databases have used 't' and 'f' to serialize
boolean values and must have old data converted to 1 and 0 (its native boolean
serialization) before setting this flag to true. Conversion can be accomplished
by setting up a rake task which runs

  ExampleModel.where("boolean_column = 't'").update_all(boolean_column: 1)
  ExampleModel.where("boolean_column = 'f'").update_all(boolean_column: 0)

for all models and all boolean columns, after which the flag must be set to
true by adding the following to your application.rb file:

  Rails.application.config.active_record.sqlite3.represent_boolean_as_integer = true
 (called from <top (required)> at /home/ubuntu/workspace/learn-together/app/models/user.rb:1)
  [1m[35m (0.1ms)[0m  [1m[35mDROP TABLE IF EXISTS "learners"[0m
  [1m[35m (0.1ms)[0m  [1m[34mSELECT sqlite_version(*)[0m
  [1m[35m (12.1ms)[0m  [1m[35mCREATE TABLE "learners" ("id" integer PRIMARY KEY AUTOINCREMENT NOT NULL, "first_name" varchar, "last_name" varchar, "gender" varchar, "age" integer, "street_address" varchar, "city" varchar, "state" varchar, "country" varchar, "nationality" varchar, "native_language" varchar, "interested_language1" varchar, "language1_level" varchar, "interested_language2" varchar, "language2_level" varchar, "introduction" varchar, "created_at" datetime NOT NULL, "updated_at" datetime NOT NULL)[0m
  [1m[35m (0.1ms)[0m  [1m[35mDROP TABLE IF EXISTS "users"[0m
  [1m[35m (10.5ms)[0m  [1m[35mCREATE TABLE "users" ("id" integer PRIMARY KEY AUTOINCREMENT NOT NULL, "email" varchar DEFAULT '' NOT NULL, "encrypted_password" varchar DEFAULT '' NOT NULL, "reset_password_token" varchar, "reset_password_sent_at" datetime, "remember_created_at" datetime, "created_at" datetime NOT NULL, "updated_at" datetime NOT NULL)[0m
  [1m[35m (10.5ms)[0m  [1m[35mCREATE UNIQUE INDEX "index_users_on_email" ON "users" ("email")[0m
  [1m[35m (10.5ms)[0m  [1m[35mCREATE UNIQUE INDEX "index_users_on_reset_password_token" ON "users" ("reset_password_token")[0m
  [1m[35m (11.2ms)[0m  [1m[35mCREATE TABLE "schema_migrations" ("version" varchar NOT NULL PRIMARY KEY)[0m
  [1m[35m (0.2ms)[0m  [1m[34mSELECT "schema_migrations"."version" FROM "schema_migrations" ORDER BY "schema_migrations"."version" ASC[0m
  [1m[35m (11.2ms)[0m  [1m[32mINSERT INTO "schema_migrations" (version) VALUES (20190320000310)[0m
  [1m[35m (10.9ms)[0m  [1m[32mINSERT INTO "schema_migrations" (version) VALUES
(20190319225229);

[0m
  [1m[35m (12.3ms)[0m  [1m[35mCREATE TABLE "ar_internal_metadata" ("key" varchar NOT NULL PRIMARY KEY, "value" varchar, "created_at" datetime NOT NULL, "updated_at" datetime NOT NULL)[0m
  [1m[36mActiveRecord::InternalMetadata Load (0.3ms)[0m  [1m[34mSELECT  "ar_internal_metadata".* FROM "ar_internal_metadata" WHERE "ar_internal_metadata"."key" = ? LIMIT ?[0m  [["key", "environment"], ["LIMIT", 1]]
  [1m[35m (0.1ms)[0m  [1m[36mbegin transaction[0m
  [1m[36mActiveRecord::InternalMetadata Create (0.3ms)[0m  [1m[32mINSERT INTO "ar_internal_metadata" ("key", "value", "created_at", "updated_at") VALUES (?, ?, ?, ?)[0m  [["key", "environment"], ["value", "development"], ["created_at", "2019-03-28 00:29:55.237172"], ["updated_at", "2019-03-28 00:29:55.237172"]]
  [1m[35m (11.3ms)[0m  [1m[36mcommit transaction[0m
  [1m[36mActiveRecord::InternalMetadata Load (0.1ms)[0m  [1m[34mSELECT  "ar_internal_metadata".* FROM "ar_internal_metadata" WHERE "ar_internal_metadata"."key" = ? LIMIT ?[0m  [["key", "environment"], ["LIMIT", 1]]
  [1m[35m (0.1ms)[0m  [1m[36mbegin transaction[0m
  [1m[35m (0.1ms)[0m  [1m[36mcommit transaction[0m
  [1m[35m (0.2ms)[0m  [1m[35mDROP TABLE IF EXISTS "learners"[0m
  [1m[35m (0.1ms)[0m  [1m[34mSELECT sqlite_version(*)[0m
  [1m[35m (11.9ms)[0m  [1m[35mCREATE TABLE "learners" ("id" integer PRIMARY KEY AUTOINCREMENT NOT NULL, "first_name" varchar, "last_name" varchar, "gender" varchar, "age" integer, "street_address" varchar, "city" varchar, "state" varchar, "country" varchar, "nationality" varchar, "native_language" varchar, "interested_language1" varchar, "language1_level" varchar, "interested_language2" varchar, "language2_level" varchar, "introduction" varchar, "created_at" datetime NOT NULL, "updated_at" datetime NOT NULL)[0m
  [1m[35m (0.2ms)[0m  [1m[35mDROP TABLE IF EXISTS "users"[0m
  [1m[35m (76.0ms)[0m  [1m[35mCREATE TABLE "users" ("id" integer PRIMARY KEY AUTOINCREMENT NOT NULL, "email" varchar DEFAULT '' NOT NULL, "encrypted_password" varchar DEFAULT '' NOT NULL, "reset_password_token" varchar, "reset_password_sent_at" datetime, "remember_created_at" datetime, "created_at" datetime NOT NULL, "updated_at" datetime NOT NULL)[0m
  [1m[35m (12.2ms)[0m  [1m[35mCREATE UNIQUE INDEX "index_users_on_email" ON "users" ("email")[0m
  [1m[35m (11.7ms)[0m  [1m[35mCREATE UNIQUE INDEX "index_users_on_reset_password_token" ON "users" ("reset_password_token")[0m
  [1m[35m (11.9ms)[0m  [1m[35mCREATE TABLE "schema_migrations" ("version" varchar NOT NULL PRIMARY KEY)[0m
  [1m[35m (0.2ms)[0m  [1m[34mSELECT "schema_migrations"."version" FROM "schema_migrations" ORDER BY "schema_migrations"."version" ASC[0m
  [1m[35m (11.6ms)[0m  [1m[32mINSERT INTO "schema_migrations" (version) VALUES (20190320000310)[0m
  [1m[35m (11.9ms)[0m  [1m[32mINSERT INTO "schema_migrations" (version) VALUES
(20190319225229);

[0m
  [1m[35m (12.0ms)[0m  [1m[35mCREATE TABLE "ar_internal_metadata" ("key" varchar NOT NULL PRIMARY KEY, "value" varchar, "created_at" datetime NOT NULL, "updated_at" datetime NOT NULL)[0m
  [1m[36mActiveRecord::InternalMetadata Load (0.2ms)[0m  [1m[34mSELECT  "ar_internal_metadata".* FROM "ar_internal_metadata" WHERE "ar_internal_metadata"."key" = ? LIMIT ?[0m  [["key", "environment"], ["LIMIT", 1]]
  [1m[35m (0.0ms)[0m  [1m[36mbegin transaction[0m
  [1m[36mActiveRecord::InternalMetadata Create (0.2ms)[0m  [1m[32mINSERT INTO "ar_internal_metadata" ("key", "value", "created_at", "updated_at") VALUES (?, ?, ?, ?)[0m  [["key", "environment"], ["value", "development"], ["created_at", "2019-03-28 00:29:55.426099"], ["updated_at", "2019-03-28 00:29:55.426099"]]
  [1m[35m (10.4ms)[0m  [1m[36mcommit transaction[0m
  [1m[36mActiveRecord::InternalMetadata Load (0.1ms)[0m  [1m[34mSELECT  "ar_internal_metadata".* FROM "ar_internal_metadata" WHERE "ar_internal_metadata"."key" = ? LIMIT ?[0m  [["key", "environment"], ["LIMIT", 1]]
  [1m[35m (0.1ms)[0m  [1m[36mbegin transaction[0m
  [1m[36mActiveRecord::InternalMetadata Update (0.3ms)[0m  [1m[33mUPDATE "ar_internal_metadata" SET "value" = ?, "updated_at" = ? WHERE "ar_internal_metadata"."key" = ?[0m  [["value", "test"], ["updated_at", "2019-03-28 00:29:55.439532"], ["key", "environment"]]
  [1m[35m (10.2ms)[0m  [1m[36mcommit transaction[0m
  [1m[35m (0.2ms)[0m  [1m[34mSELECT "schema_migrations"."version" FROM "schema_migrations" ORDER BY "schema_migrations"."version" ASC[0m
DEPRECATION WARNING: Leaving `ActiveRecord::ConnectionAdapters::SQLite3Adapter.represent_boolean_as_integer`
set to false is deprecated. SQLite databases have used 't' and 'f' to serialize
boolean values and must have old data converted to 1 and 0 (its native boolean
serialization) before setting this flag to true. Conversion can be accomplished
by setting up a rake task which runs

  ExampleModel.where("boolean_column = 't'").update_all(boolean_column: 1)
  ExampleModel.where("boolean_column = 'f'").update_all(boolean_column: 0)

for all models and all boolean columns, after which the flag must be set to
true by adding the following to your application.rb file:

  Rails.application.config.active_record.sqlite3.represent_boolean_as_integer = true
 (called from <top (required)> at /home/ubuntu/workspace/learn-together/app/models/user.rb:1)
  [1m[35m (0.2ms)[0m  [1m[34mSELECT "schema_migrations"."version" FROM "schema_migrations" ORDER BY "schema_migrations"."version" ASC[0m
Migrating to CreateLanguages (20190328002627)
  [1m[35m (0.1ms)[0m  [1m[36mbegin transaction[0m
  [1m[35m (0.1ms)[0m  [1m[34mSELECT sqlite_version(*)[0m
  [1m[35m (0.5ms)[0m  [1m[35mCREATE TABLE "languages" ("id" integer PRIMARY KEY AUTOINCREMENT NOT NULL, "name" varchar, "created_at" datetime NOT NULL, "updated_at" datetime NOT NULL)[0m
  [1m[36mActiveRecord::SchemaMigration Create (0.2ms)[0m  [1m[32mINSERT INTO "schema_migrations" ("version") VALUES (?)[0m  [["version", "20190328002627"]]
  [1m[35m (13.9ms)[0m  [1m[36mcommit transaction[0m
  [1m[36mActiveRecord::InternalMetadata Load (0.2ms)[0m  [1m[34mSELECT  "ar_internal_metadata".* FROM "ar_internal_metadata" WHERE "ar_internal_metadata"."key" = ? LIMIT ?[0m  [["key", "environment"], ["LIMIT", 1]]
  [1m[35m (0.1ms)[0m  [1m[36mbegin transaction[0m
  [1m[35m (0.1ms)[0m  [1m[36mcommit transaction[0m
  [1m[35m (0.2ms)[0m  [1m[34mSELECT "schema_migrations"."version" FROM "schema_migrations" ORDER BY "schema_migrations"."version" ASC[0m
DEPRECATION WARNING: Leaving `ActiveRecord::ConnectionAdapters::SQLite3Adapter.represent_boolean_as_integer`
set to false is deprecated. SQLite databases have used 't' and 'f' to serialize
boolean values and must have old data converted to 1 and 0 (its native boolean
serialization) before setting this flag to true. Conversion can be accomplished
by setting up a rake task which runs

  ExampleModel.where("boolean_column = 't'").update_all(boolean_column: 1)
  ExampleModel.where("boolean_column = 'f'").update_all(boolean_column: 0)

for all models and all boolean columns, after which the flag must be set to
true by adding the following to your application.rb file:

  Rails.application.config.active_record.sqlite3.represent_boolean_as_integer = true
 (called from <top (required)> at /home/ubuntu/workspace/learn-together/app/models/user.rb:1)
DEPRECATION WARNING: Leaving `ActiveRecord::ConnectionAdapters::SQLite3Adapter.represent_boolean_as_integer`
set to false is deprecated. SQLite databases have used 't' and 'f' to serialize
boolean values and must have old data converted to 1 and 0 (its native boolean
serialization) before setting this flag to true. Conversion can be accomplished
by setting up a rake task which runs

  ExampleModel.where("boolean_column = 't'").update_all(boolean_column: 1)
  ExampleModel.where("boolean_column = 'f'").update_all(boolean_column: 0)

for all models and all boolean columns, after which the flag must be set to
true by adding the following to your application.rb file:

  Rails.application.config.active_record.sqlite3.represent_boolean_as_integer = true
 (called from <top (required)> at /home/ubuntu/workspace/learn-together/app/models/user.rb:1)
Started GET "/" for 45.26.2.11 at 2019-03-28 00:39:09 +0000
Cannot render console from 45.26.2.11! Allowed networks: 127.0.0.1, ::1, 127.0.0.0/127.255.255.255
  [1m[35m (0.2ms)[0m  [1m[34mSELECT "schema_migrations"."version" FROM "schema_migrations" ORDER BY "schema_migrations"."version" ASC[0m
Processing by HomeController#index as HTML
  Rendering home/index.html.erb within layouts/application
  Rendered home/index.html.erb within layouts/application (1.3ms)
Completed 500 Internal Server Error in 245ms (ActiveRecord: 0.0ms)


  
ActionView::Template::Error (couldn't find file 'jquery' with type 'application/javascript'
Checked in these paths: 
  /home/ubuntu/workspace/learn-together/app/assets/images
  /home/ubuntu/workspace/learn-together/app/assets/javascripts
  /home/ubuntu/workspace/learn-together/app/assets/stylesheets
  /home/ubuntu/workspace/learn-together/vendor/assets/javascripts
  /home/ubuntu/workspace/learn-together/vendor/assets/stylesheets
  /usr/local/rvm/gems/ruby-2.4.0/gems/coffee-rails-4.2.2/lib/assets/javascripts
  /usr/local/rvm/gems/ruby-2.4.0/gems/actioncable-5.2.2.1/lib/assets/compiled
  /usr/local/rvm/gems/ruby-2.4.0/gems/activestorage-5.2.2.1/app/assets/javascripts
  /usr/local/rvm/gems/ruby-2.4.0/gems/actionview-5.2.2.1/lib/assets/compiled
  /usr/local/rvm/gems/ruby-2.4.0/gems/turbolinks-source-5.2.0/lib/assets/javascripts):
    2: <html>
    3: <head>
    4:   <title>Learntogether</title>
    5:   <%= stylesheet_link_tag    'application', media: 'all', 'data-turbolinks-track' => true %>
    6:   <%= javascript_include_tag 'application', 'data-turbolinks-track' => true %>
    7:   <%= csrf_meta_tags %>
    8: </head>
  
app/assets/javascripts/application.js:13
app/views/layouts/application.html.erb:5:in `_app_views_layouts_application_html_erb___2788962254179747010_30384980'
Started GET "/" for 45.26.2.11 at 2019-03-28 00:45:37 +0000
Cannot render console from 45.26.2.11! Allowed networks: 127.0.0.1, ::1, 127.0.0.0/127.255.255.255
Processing by HomeController#index as HTML
  Rendering home/index.html.erb within layouts/application
  Rendered home/index.html.erb within layouts/application (0.5ms)
Completed 500 Internal Server Error in 11ms (ActiveRecord: 0.0ms)


  
ActionView::Template::Error (couldn't find file 'jquery' with type 'application/javascript'
Checked in these paths: 
  /home/ubuntu/workspace/learn-together/app/assets/images
  /home/ubuntu/workspace/learn-together/app/assets/javascripts
  /home/ubuntu/workspace/learn-together/app/assets/stylesheets
  /home/ubuntu/workspace/learn-together/vendor/assets/javascripts
  /home/ubuntu/workspace/learn-together/vendor/assets/stylesheets
  /usr/local/rvm/gems/ruby-2.4.0/gems/coffee-rails-4.2.2/lib/assets/javascripts
  /usr/local/rvm/gems/ruby-2.4.0/gems/actioncable-5.2.2.1/lib/assets/compiled
  /usr/local/rvm/gems/ruby-2.4.0/gems/activestorage-5.2.2.1/app/assets/javascripts
  /usr/local/rvm/gems/ruby-2.4.0/gems/actionview-5.2.2.1/lib/assets/compiled
  /usr/local/rvm/gems/ruby-2.4.0/gems/turbolinks-source-5.2.0/lib/assets/javascripts):
    2: <html>
    3: <head>
    4:   <title>Learntogether</title>
    5:   <%= stylesheet_link_tag    'application', media: 'all', 'data-turbolinks-track' => true %>
    6:   <%= javascript_include_tag 'application', 'data-turbolinks-track' => true %>
    7:   <%= csrf_meta_tags %>
    8: </head>
  
app/assets/javascripts/application.js:13
app/views/layouts/application.html.erb:5:in `_app_views_layouts_application_html_erb___2788962254179747010_70309426148080'
Started GET "/" for 45.26.2.11 at 2019-03-28 00:46:37 +0000
Cannot render console from 45.26.2.11! Allowed networks: 127.0.0.1, ::1, 127.0.0.0/127.255.255.255
Processing by HomeController#index as HTML
  Rendering home/index.html.erb within layouts/application
  Rendered home/index.html.erb within layouts/application (0.5ms)
Completed 500 Internal Server Error in 10ms (ActiveRecord: 0.0ms)


  
ActionView::Template::Error (couldn't find file 'jquery' with type 'application/javascript'
Checked in these paths: 
  /home/ubuntu/workspace/learn-together/app/assets/images
  /home/ubuntu/workspace/learn-together/app/assets/javascripts
  /home/ubuntu/workspace/learn-together/app/assets/stylesheets
  /home/ubuntu/workspace/learn-together/vendor/assets/javascripts
  /home/ubuntu/workspace/learn-together/vendor/assets/stylesheets
  /usr/local/rvm/gems/ruby-2.4.0/gems/coffee-rails-4.2.2/lib/assets/javascripts
  /usr/local/rvm/gems/ruby-2.4.0/gems/actioncable-5.2.2.1/lib/assets/compiled
  /usr/local/rvm/gems/ruby-2.4.0/gems/activestorage-5.2.2.1/app/assets/javascripts
  /usr/local/rvm/gems/ruby-2.4.0/gems/actionview-5.2.2.1/lib/assets/compiled
  /usr/local/rvm/gems/ruby-2.4.0/gems/turbolinks-source-5.2.0/lib/assets/javascripts):
    2: <html>
    3: <head>
    4:   <title>Learntogether</title>
    5:   <%= stylesheet_link_tag    'application', media: 'all', 'data-turbolinks-track' => true %>
    6:   <%= javascript_include_tag 'application', 'data-turbolinks-track' => true %>
    7:   <%= csrf_meta_tags %>
    8: </head>
  
app/assets/javascripts/application.js:13
app/views/layouts/application.html.erb:5:in `_app_views_layouts_application_html_erb___2788962254179747010_70309431116580'
DEPRECATION WARNING: Leaving `ActiveRecord::ConnectionAdapters::SQLite3Adapter.represent_boolean_as_integer`
set to false is deprecated. SQLite databases have used 't' and 'f' to serialize
boolean values and must have old data converted to 1 and 0 (its native boolean
serialization) before setting this flag to true. Conversion can be accomplished
by setting up a rake task which runs

  ExampleModel.where("boolean_column = 't'").update_all(boolean_column: 1)
  ExampleModel.where("boolean_column = 'f'").update_all(boolean_column: 0)

for all models and all boolean columns, after which the flag must be set to
true by adding the following to your application.rb file:

  Rails.application.config.active_record.sqlite3.represent_boolean_as_integer = true
 (called from <top (required)> at /home/ubuntu/workspace/learn-together/app/models/user.rb:1)
  [1m[35m (0.3ms)[0m  [1m[34mSELECT "schema_migrations"."version" FROM "schema_migrations" ORDER BY "schema_migrations"."version" ASC[0m
  [1m[36mActiveRecord::InternalMetadata Load (0.3ms)[0m  [1m[34mSELECT  "ar_internal_metadata".* FROM "ar_internal_metadata" WHERE "ar_internal_metadata"."key" = ? LIMIT ?[0m  [["key", "environment"], ["LIMIT", 1]]
  [1m[35m (0.1ms)[0m  [1m[36mbegin transaction[0m
  [1m[35m (0.0ms)[0m  [1m[36mcommit transaction[0m
  [1m[35m (0.1ms)[0m  [1m[34mSELECT "schema_migrations"."version" FROM "schema_migrations" ORDER BY "schema_migrations"."version" ASC[0m
DEPRECATION WARNING: Leaving `ActiveRecord::ConnectionAdapters::SQLite3Adapter.represent_boolean_as_integer`
set to false is deprecated. SQLite databases have used 't' and 'f' to serialize
boolean values and must have old data converted to 1 and 0 (its native boolean
serialization) before setting this flag to true. Conversion can be accomplished
by setting up a rake task which runs

  ExampleModel.where("boolean_column = 't'").update_all(boolean_column: 1)
  ExampleModel.where("boolean_column = 'f'").update_all(boolean_column: 0)

for all models and all boolean columns, after which the flag must be set to
true by adding the following to your application.rb file:

  Rails.application.config.active_record.sqlite3.represent_boolean_as_integer = true
 (called from <top (required)> at /home/ubuntu/workspace/learn-together/app/models/user.rb:1)
Started GET "/" for 45.26.2.11 at 2019-03-28 00:53:08 +0000
Cannot render console from 45.26.2.11! Allowed networks: 127.0.0.1, ::1, 127.0.0.0/127.255.255.255
  [1m[35m (0.2ms)[0m  [1m[34mSELECT "schema_migrations"."version" FROM "schema_migrations" ORDER BY "schema_migrations"."version" ASC[0m
Processing by HomeController#index as HTML
  Rendering home/index.html.erb within layouts/application
  Rendered home/index.html.erb within layouts/application (1.2ms)
Completed 500 Internal Server Error in 284ms (ActiveRecord: 0.0ms)


  
ActionView::Template::Error (couldn't find file 'jquery' with type 'application/javascript'
Checked in these paths: 
  /home/ubuntu/workspace/learn-together/app/assets/images
  /home/ubuntu/workspace/learn-together/app/assets/javascripts
  /home/ubuntu/workspace/learn-together/app/assets/stylesheets
  /home/ubuntu/workspace/learn-together/vendor/assets/javascripts
  /home/ubuntu/workspace/learn-together/vendor/assets/stylesheets
  /usr/local/rvm/gems/ruby-2.4.0/gems/coffee-rails-4.2.2/lib/assets/javascripts
  /usr/local/rvm/gems/ruby-2.4.0/gems/actioncable-5.2.2.1/lib/assets/compiled
  /usr/local/rvm/gems/ruby-2.4.0/gems/activestorage-5.2.2.1/app/assets/javascripts
  /usr/local/rvm/gems/ruby-2.4.0/gems/actionview-5.2.2.1/lib/assets/compiled
  /usr/local/rvm/gems/ruby-2.4.0/gems/turbolinks-source-5.2.0/lib/assets/javascripts):
    2: <html>
    3: <head>
    4:   <title>Learntogether</title>
    5:   <%= stylesheet_link_tag    'application', media: 'all', 'data-turbolinks-track' => true %>
    6:   <%= javascript_include_tag 'application', 'data-turbolinks-track' => true %>
    7:   <%= csrf_meta_tags %>
    8: </head>
  
app/assets/javascripts/application.js:13
app/views/layouts/application.html.erb:5:in `_app_views_layouts_application_html_erb___1855919641560696848_43433320'
Started GET "/" for 45.26.2.11 at 2019-03-28 00:53:15 +0000
Cannot render console from 45.26.2.11! Allowed networks: 127.0.0.1, ::1, 127.0.0.0/127.255.255.255
Processing by HomeController#index as HTML
  Rendering home/index.html.erb within layouts/application
  Rendered home/index.html.erb within layouts/application (0.4ms)
Completed 500 Internal Server Error in 10ms (ActiveRecord: 0.0ms)


  
ActionView::Template::Error (couldn't find file 'jquery' with type 'application/javascript'
Checked in these paths: 
  /home/ubuntu/workspace/learn-together/app/assets/images
  /home/ubuntu/workspace/learn-together/app/assets/javascripts
  /home/ubuntu/workspace/learn-together/app/assets/stylesheets
  /home/ubuntu/workspace/learn-together/vendor/assets/javascripts
  /home/ubuntu/workspace/learn-together/vendor/assets/stylesheets
  /usr/local/rvm/gems/ruby-2.4.0/gems/coffee-rails-4.2.2/lib/assets/javascripts
  /usr/local/rvm/gems/ruby-2.4.0/gems/actioncable-5.2.2.1/lib/assets/compiled
  /usr/local/rvm/gems/ruby-2.4.0/gems/activestorage-5.2.2.1/app/assets/javascripts
  /usr/local/rvm/gems/ruby-2.4.0/gems/actionview-5.2.2.1/lib/assets/compiled
  /usr/local/rvm/gems/ruby-2.4.0/gems/turbolinks-source-5.2.0/lib/assets/javascripts):
    2: <html>
    3: <head>
    4:   <title>Learntogether</title>
    5:   <%= stylesheet_link_tag    'application', media: 'all', 'data-turbolinks-track' => true %>
    6:   <%= javascript_include_tag 'application', 'data-turbolinks-track' => true %>
    7:   <%= csrf_meta_tags %>
    8: </head>
  
app/assets/javascripts/application.js:13
app/views/layouts/application.html.erb:5:in `_app_views_layouts_application_html_erb___1855919641560696848_70324740342720'
DEPRECATION WARNING: Leaving `ActiveRecord::ConnectionAdapters::SQLite3Adapter.represent_boolean_as_integer`
set to false is deprecated. SQLite databases have used 't' and 'f' to serialize
boolean values and must have old data converted to 1 and 0 (its native boolean
serialization) before setting this flag to true. Conversion can be accomplished
by setting up a rake task which runs

  ExampleModel.where("boolean_column = 't'").update_all(boolean_column: 1)
  ExampleModel.where("boolean_column = 'f'").update_all(boolean_column: 0)

for all models and all boolean columns, after which the flag must be set to
true by adding the following to your application.rb file:

  Rails.application.config.active_record.sqlite3.represent_boolean_as_integer = true
 (called from <top (required)> at /home/ubuntu/workspace/learn-together/app/models/user.rb:1)
Started GET "/" for 45.26.2.11 at 2019-03-28 00:57:35 +0000
Cannot render console from 45.26.2.11! Allowed networks: 127.0.0.1, ::1, 127.0.0.0/127.255.255.255
  [1m[35m (0.2ms)[0m  [1m[34mSELECT "schema_migrations"."version" FROM "schema_migrations" ORDER BY "schema_migrations"."version" ASC[0m
Processing by HomeController#index as HTML
  Rendering home/index.html.erb within layouts/application
  Rendered home/index.html.erb within layouts/application (1.1ms)
Completed 500 Internal Server Error in 222ms (ActiveRecord: 0.0ms)


  
ActionView::Template::Error (couldn't find file 'jquery' with type 'application/javascript'
Checked in these paths: 
  /home/ubuntu/workspace/learn-together/app/assets/images
  /home/ubuntu/workspace/learn-together/app/assets/javascripts
  /home/ubuntu/workspace/learn-together/app/assets/stylesheets
  /home/ubuntu/workspace/learn-together/vendor/assets/javascripts
  /home/ubuntu/workspace/learn-together/vendor/assets/stylesheets
  /usr/local/rvm/gems/ruby-2.4.0/gems/coffee-rails-4.2.2/lib/assets/javascripts
  /usr/local/rvm/gems/ruby-2.4.0/gems/actioncable-5.2.2.1/lib/assets/compiled
  /usr/local/rvm/gems/ruby-2.4.0/gems/activestorage-5.2.2.1/app/assets/javascripts
  /usr/local/rvm/gems/ruby-2.4.0/gems/actionview-5.2.2.1/lib/assets/compiled
  /usr/local/rvm/gems/ruby-2.4.0/gems/turbolinks-source-5.2.0/lib/assets/javascripts):
    2: <html>
    3: <head>
    4:   <title>Learntogether</title>
    5:   <%= stylesheet_link_tag    'application', media: 'all', 'data-turbolinks-track' => true %>
    6:   <%= javascript_include_tag 'application', 'data-turbolinks-track' => true %>
    7:   <%= csrf_meta_tags %>
    8: </head>
  
app/assets/javascripts/application.js:13
app/views/layouts/application.html.erb:5:in `_app_views_layouts_application_html_erb___2510139936004717877_20980700'
Started GET "/index" for 45.26.2.11 at 2019-03-28 00:57:43 +0000
Cannot render console from 45.26.2.11! Allowed networks: 127.0.0.1, ::1, 127.0.0.0/127.255.255.255
  
ActionController::RoutingError (No route matches [GET] "/index"):
  
actionpack (5.2.2.1) lib/action_dispatch/middleware/debug_exceptions.rb:65:in `call'
web-console (2.3.0) lib/web_console/middleware.rb:20:in `block in call'
web-console (2.3.0) lib/web_console/middleware.rb:18:in `catch'
web-console (2.3.0) lib/web_console/middleware.rb:18:in `call'
actionpack (5.2.2.1) lib/action_dispatch/middleware/show_exceptions.rb:33:in `call'
railties (5.2.2.1) lib/rails/rack/logger.rb:38:in `call_app'
railties (5.2.2.1) lib/rails/rack/logger.rb:26:in `block in call'
activesupport (5.2.2.1) lib/active_support/tagged_logging.rb:71:in `block in tagged'
activesupport (5.2.2.1) lib/active_support/tagged_logging.rb:28:in `tagged'
activesupport (5.2.2.1) lib/active_support/tagged_logging.rb:71:in `tagged'
railties (5.2.2.1) lib/rails/rack/logger.rb:26:in `call'
actionpack (5.2.2.1) lib/action_dispatch/middleware/remote_ip.rb:81:in `call'
actionpack (5.2.2.1) lib/action_dispatch/middleware/request_id.rb:27:in `call'
rack (2.0.6) lib/rack/method_override.rb:22:in `call'
rack (2.0.6) lib/rack/runtime.rb:22:in `call'
activesupport (5.2.2.1) lib/active_support/cache/strategy/local_cache_middleware.rb:29:in `call'
actionpack (5.2.2.1) lib/action_dispatch/middleware/executor.rb:14:in `call'
actionpack (5.2.2.1) lib/action_dispatch/middleware/static.rb:127:in `call'
rack (2.0.6) lib/rack/sendfile.rb:111:in `call'
railties (5.2.2.1) lib/rails/engine.rb:524:in `call'
puma (3.12.1) lib/puma/configuration.rb:227:in `call'
puma (3.12.1) lib/puma/server.rb:660:in `handle_request'
puma (3.12.1) lib/puma/server.rb:474:in `process_client'
puma (3.12.1) lib/puma/server.rb:334:in `block in run'
puma (3.12.1) lib/puma/thread_pool.rb:135:in `block in spawn_thread'
Started GET "/" for 45.26.2.11 at 2019-03-28 00:57:49 +0000
Cannot render console from 45.26.2.11! Allowed networks: 127.0.0.1, ::1, 127.0.0.0/127.255.255.255
Processing by HomeController#index as HTML
  Rendering home/index.html.erb within layouts/application
  Rendered home/index.html.erb within layouts/application (0.5ms)
Completed 500 Internal Server Error in 11ms (ActiveRecord: 0.0ms)


  
ActionView::Template::Error (couldn't find file 'jquery' with type 'application/javascript'
Checked in these paths: 
  /home/ubuntu/workspace/learn-together/app/assets/images
  /home/ubuntu/workspace/learn-together/app/assets/javascripts
  /home/ubuntu/workspace/learn-together/app/assets/stylesheets
  /home/ubuntu/workspace/learn-together/vendor/assets/javascripts
  /home/ubuntu/workspace/learn-together/vendor/assets/stylesheets
  /usr/local/rvm/gems/ruby-2.4.0/gems/coffee-rails-4.2.2/lib/assets/javascripts
  /usr/local/rvm/gems/ruby-2.4.0/gems/actioncable-5.2.2.1/lib/assets/compiled
  /usr/local/rvm/gems/ruby-2.4.0/gems/activestorage-5.2.2.1/app/assets/javascripts
  /usr/local/rvm/gems/ruby-2.4.0/gems/actionview-5.2.2.1/lib/assets/compiled
  /usr/local/rvm/gems/ruby-2.4.0/gems/turbolinks-source-5.2.0/lib/assets/javascripts):
    2: <html>
    3: <head>
    4:   <title>Learntogether</title>
    5:   <%= stylesheet_link_tag    'application', media: 'all', 'data-turbolinks-track' => true %>
    6:   <%= javascript_include_tag 'application', 'data-turbolinks-track' => true %>
    7:   <%= csrf_meta_tags %>
    8: </head>
  
app/assets/javascripts/application.js:13
app/views/layouts/application.html.erb:5:in `_app_views_layouts_application_html_erb___2510139936004717877_70107274431860'
Started GET "/home" for 45.26.2.11 at 2019-03-28 00:58:09 +0000
Cannot render console from 45.26.2.11! Allowed networks: 127.0.0.1, ::1, 127.0.0.0/127.255.255.255
  
ActionController::RoutingError (No route matches [GET] "/home"):
  
actionpack (5.2.2.1) lib/action_dispatch/middleware/debug_exceptions.rb:65:in `call'
web-console (2.3.0) lib/web_console/middleware.rb:20:in `block in call'
web-console (2.3.0) lib/web_console/middleware.rb:18:in `catch'
web-console (2.3.0) lib/web_console/middleware.rb:18:in `call'
actionpack (5.2.2.1) lib/action_dispatch/middleware/show_exceptions.rb:33:in `call'
railties (5.2.2.1) lib/rails/rack/logger.rb:38:in `call_app'
railties (5.2.2.1) lib/rails/rack/logger.rb:26:in `block in call'
activesupport (5.2.2.1) lib/active_support/tagged_logging.rb:71:in `block in tagged'
activesupport (5.2.2.1) lib/active_support/tagged_logging.rb:28:in `tagged'
activesupport (5.2.2.1) lib/active_support/tagged_logging.rb:71:in `tagged'
railties (5.2.2.1) lib/rails/rack/logger.rb:26:in `call'
actionpack (5.2.2.1) lib/action_dispatch/middleware/remote_ip.rb:81:in `call'
actionpack (5.2.2.1) lib/action_dispatch/middleware/request_id.rb:27:in `call'
rack (2.0.6) lib/rack/method_override.rb:22:in `call'
rack (2.0.6) lib/rack/runtime.rb:22:in `call'
activesupport (5.2.2.1) lib/active_support/cache/strategy/local_cache_middleware.rb:29:in `call'
actionpack (5.2.2.1) lib/action_dispatch/middleware/executor.rb:14:in `call'
actionpack (5.2.2.1) lib/action_dispatch/middleware/static.rb:127:in `call'
rack (2.0.6) lib/rack/sendfile.rb:111:in `call'
railties (5.2.2.1) lib/rails/engine.rb:524:in `call'
puma (3.12.1) lib/puma/configuration.rb:227:in `call'
puma (3.12.1) lib/puma/server.rb:660:in `handle_request'
puma (3.12.1) lib/puma/server.rb:474:in `process_client'
puma (3.12.1) lib/puma/server.rb:334:in `block in run'
puma (3.12.1) lib/puma/thread_pool.rb:135:in `block in spawn_thread'
DEPRECATION WARNING: Leaving `ActiveRecord::ConnectionAdapters::SQLite3Adapter.represent_boolean_as_integer`
set to false is deprecated. SQLite databases have used 't' and 'f' to serialize
boolean values and must have old data converted to 1 and 0 (its native boolean
serialization) before setting this flag to true. Conversion can be accomplished
by setting up a rake task which runs

  ExampleModel.where("boolean_column = 't'").update_all(boolean_column: 1)
  ExampleModel.where("boolean_column = 'f'").update_all(boolean_column: 0)

for all models and all boolean columns, after which the flag must be set to
true by adding the following to your application.rb file:

  Rails.application.config.active_record.sqlite3.represent_boolean_as_integer = true
 (called from <top (required)> at /home/ubuntu/workspace/learn-together/app/models/user.rb:1)
DEPRECATION WARNING: Leaving `ActiveRecord::ConnectionAdapters::SQLite3Adapter.represent_boolean_as_integer`
set to false is deprecated. SQLite databases have used 't' and 'f' to serialize
boolean values and must have old data converted to 1 and 0 (its native boolean
serialization) before setting this flag to true. Conversion can be accomplished
by setting up a rake task which runs

  ExampleModel.where("boolean_column = 't'").update_all(boolean_column: 1)
  ExampleModel.where("boolean_column = 'f'").update_all(boolean_column: 0)

for all models and all boolean columns, after which the flag must be set to
true by adding the following to your application.rb file:

  Rails.application.config.active_record.sqlite3.represent_boolean_as_integer = true
 (called from <top (required)> at /home/ubuntu/workspace/learn-together/app/models/user.rb:1)
Started GET "/" for 45.26.2.11 at 2019-03-28 00:59:17 +0000
Cannot render console from 45.26.2.11! Allowed networks: 127.0.0.1, ::1, 127.0.0.0/127.255.255.255
  [1m[35m (0.3ms)[0m  [1m[34mSELECT "schema_migrations"."version" FROM "schema_migrations" ORDER BY "schema_migrations"."version" ASC[0m
Processing by HomeController#index as HTML
  Rendering home/index.html.erb within layouts/application
  Rendered home/index.html.erb within layouts/application (1.2ms)
Completed 500 Internal Server Error in 210ms (ActiveRecord: 0.0ms)


  
ActionView::Template::Error (couldn't find file 'jquery' with type 'application/javascript'
Checked in these paths: 
  /home/ubuntu/workspace/learn-together/app/assets/images
  /home/ubuntu/workspace/learn-together/app/assets/javascripts
  /home/ubuntu/workspace/learn-together/app/assets/stylesheets
  /home/ubuntu/workspace/learn-together/vendor/assets/javascripts
  /home/ubuntu/workspace/learn-together/vendor/assets/stylesheets
  /usr/local/rvm/gems/ruby-2.4.0/gems/coffee-rails-4.2.2/lib/assets/javascripts
  /usr/local/rvm/gems/ruby-2.4.0/gems/actioncable-5.2.2.1/lib/assets/compiled
  /usr/local/rvm/gems/ruby-2.4.0/gems/activestorage-5.2.2.1/app/assets/javascripts
  /usr/local/rvm/gems/ruby-2.4.0/gems/actionview-5.2.2.1/lib/assets/compiled
  /usr/local/rvm/gems/ruby-2.4.0/gems/turbolinks-source-5.2.0/lib/assets/javascripts):
    2: <html>
    3: <head>
    4:   <title>Learntogether</title>
    5:   <%= stylesheet_link_tag    'application', media: 'all', 'data-turbolinks-track' => true %>
    6:   <%= javascript_include_tag 'application', 'data-turbolinks-track' => true %>
    7:   <%= csrf_meta_tags %>
    8: </head>
  
app/assets/javascripts/application.js:13
app/views/layouts/application.html.erb:5:in `_app_views_layouts_application_html_erb__3608799470417199189_23625440'
Started GET "/" for 45.26.2.11 at 2019-03-28 00:59:23 +0000
Cannot render console from 45.26.2.11! Allowed networks: 127.0.0.1, ::1, 127.0.0.0/127.255.255.255
Processing by HomeController#index as HTML
  Rendering home/index.html.erb within layouts/application
  Rendered home/index.html.erb within layouts/application (0.4ms)
Completed 500 Internal Server Error in 9ms (ActiveRecord: 0.0ms)


  
ActionView::Template::Error (couldn't find file 'jquery' with type 'application/javascript'
Checked in these paths: 
  /home/ubuntu/workspace/learn-together/app/assets/images
  /home/ubuntu/workspace/learn-together/app/assets/javascripts
  /home/ubuntu/workspace/learn-together/app/assets/stylesheets
  /home/ubuntu/workspace/learn-together/vendor/assets/javascripts
  /home/ubuntu/workspace/learn-together/vendor/assets/stylesheets
  /usr/local/rvm/gems/ruby-2.4.0/gems/coffee-rails-4.2.2/lib/assets/javascripts
  /usr/local/rvm/gems/ruby-2.4.0/gems/actioncable-5.2.2.1/lib/assets/compiled
  /usr/local/rvm/gems/ruby-2.4.0/gems/activestorage-5.2.2.1/app/assets/javascripts
  /usr/local/rvm/gems/ruby-2.4.0/gems/actionview-5.2.2.1/lib/assets/compiled
  /usr/local/rvm/gems/ruby-2.4.0/gems/turbolinks-source-5.2.0/lib/assets/javascripts):
    2: <html>
    3: <head>
    4:   <title>Learntogether</title>
    5:   <%= stylesheet_link_tag    'application', media: 'all', 'data-turbolinks-track' => true %>
    6:   <%= javascript_include_tag 'application', 'data-turbolinks-track' => true %>
    7:   <%= csrf_meta_tags %>
    8: </head>
  
app/assets/javascripts/application.js:13
app/views/layouts/application.html.erb:5:in `_app_views_layouts_application_html_erb__3608799470417199189_70013575188280'
DEPRECATION WARNING: Leaving `ActiveRecord::ConnectionAdapters::SQLite3Adapter.represent_boolean_as_integer`
set to false is deprecated. SQLite databases have used 't' and 'f' to serialize
boolean values and must have old data converted to 1 and 0 (its native boolean
serialization) before setting this flag to true. Conversion can be accomplished
by setting up a rake task which runs

  ExampleModel.where("boolean_column = 't'").update_all(boolean_column: 1)
  ExampleModel.where("boolean_column = 'f'").update_all(boolean_column: 0)

for all models and all boolean columns, after which the flag must be set to
true by adding the following to your application.rb file:

  Rails.application.config.active_record.sqlite3.represent_boolean_as_integer = true
 (called from <top (required)> at /home/ubuntu/workspace/learn-together/app/models/user.rb:1)
DEPRECATION WARNING: Leaving `ActiveRecord::ConnectionAdapters::SQLite3Adapter.represent_boolean_as_integer`
set to false is deprecated. SQLite databases have used 't' and 'f' to serialize
boolean values and must have old data converted to 1 and 0 (its native boolean
serialization) before setting this flag to true. Conversion can be accomplished
by setting up a rake task which runs

  ExampleModel.where("boolean_column = 't'").update_all(boolean_column: 1)
  ExampleModel.where("boolean_column = 'f'").update_all(boolean_column: 0)

for all models and all boolean columns, after which the flag must be set to
true by adding the following to your application.rb file:

  Rails.application.config.active_record.sqlite3.represent_boolean_as_integer = true
 (called from <top (required)> at /home/ubuntu/workspace/learn-together/app/models/user.rb:1)
Started GET "/" for 45.26.2.11 at 2019-03-28 01:07:20 +0000
Cannot render console from 45.26.2.11! Allowed networks: 127.0.0.1, ::1, 127.0.0.0/127.255.255.255
  [1m[35m (0.2ms)[0m  [1m[34mSELECT "schema_migrations"."version" FROM "schema_migrations" ORDER BY "schema_migrations"."version" ASC[0m
Processing by HomeController#index as HTML
  Rendering home/index.html.erb within layouts/application
  Rendered home/index.html.erb within layouts/application (1.0ms)
Completed 500 Internal Server Error in 149ms (ActiveRecord: 0.0ms)


  
ActionView::Template::Error (couldn't find file 'jquery' with type 'application/javascript'
Checked in these paths: 
  /home/ubuntu/workspace/learn-together/app/assets/images
  /home/ubuntu/workspace/learn-together/app/assets/javascripts
  /home/ubuntu/workspace/learn-together/app/assets/stylesheets
  /home/ubuntu/workspace/learn-together/vendor/assets/javascripts
  /home/ubuntu/workspace/learn-together/vendor/assets/stylesheets
  /usr/local/rvm/gems/ruby-2.4.0/gems/coffee-rails-4.2.2/lib/assets/javascripts
  /usr/local/rvm/gems/ruby-2.4.0/gems/actioncable-5.2.2.1/lib/assets/compiled
  /usr/local/rvm/gems/ruby-2.4.0/gems/activestorage-5.2.2.1/app/assets/javascripts
  /usr/local/rvm/gems/ruby-2.4.0/gems/actionview-5.2.2.1/lib/assets/compiled
  /usr/local/rvm/gems/ruby-2.4.0/gems/turbolinks-source-5.2.0/lib/assets/javascripts):
    2: <html>
    3: <head>
    4:   <title>Learntogether</title>
    5:   <%= stylesheet_link_tag    'application', media: 'all', 'data-turbolinks-track' => true %>
    6:   <%= javascript_include_tag 'application', 'data-turbolinks-track' => true %>
    7:   <%= csrf_meta_tags %>
    8: </head>
  
app/assets/javascripts/application.js:13
app/views/layouts/application.html.erb:5:in `_app_views_layouts_application_html_erb___4583949676745478078_24745720'
Started GET "/" for 45.26.2.11 at 2019-03-28 01:12:44 +0000
Cannot render console from 45.26.2.11! Allowed networks: 127.0.0.1, ::1, 127.0.0.0/127.255.255.255
Processing by HomeController#index as HTML
  Rendering home/index.html.erb within layouts/application
  Rendered home/index.html.erb within layouts/application (0.4ms)
Completed 500 Internal Server Error in 28ms (ActiveRecord: 0.0ms)


  
ActionView::Template::Error (couldn't find file 'jquery' with type 'application/javascript'
Checked in these paths: 
  /home/ubuntu/workspace/learn-together/app/assets/images
  /home/ubuntu/workspace/learn-together/app/assets/javascripts
  /home/ubuntu/workspace/learn-together/app/assets/stylesheets
  /home/ubuntu/workspace/learn-together/vendor/assets/javascripts
  /home/ubuntu/workspace/learn-together/vendor/assets/stylesheets
  /usr/local/rvm/gems/ruby-2.4.0/gems/coffee-rails-4.2.2/lib/assets/javascripts
  /usr/local/rvm/gems/ruby-2.4.0/gems/actioncable-5.2.2.1/lib/assets/compiled
  /usr/local/rvm/gems/ruby-2.4.0/gems/activestorage-5.2.2.1/app/assets/javascripts
  /usr/local/rvm/gems/ruby-2.4.0/gems/actionview-5.2.2.1/lib/assets/compiled
  /usr/local/rvm/gems/ruby-2.4.0/gems/turbolinks-source-5.2.0/lib/assets/javascripts):
    2: <html>
    3: <head>
    4:   <title>Learntogether</title>
    5:   <%= stylesheet_link_tag    'application', media: 'all', 'data-turbolinks-track' => true %>
    6:   <%= javascript_include_tag 'application', 'data-turbolinks-track' => true %>
    7:   <%= csrf_meta_tags %>
    8: </head>
  
app/assets/javascripts/application.js:13
app/views/layouts/application.html.erb:5:in `_app_views_layouts_application_html_erb___4583949676745478078_69873515790840'
DEPRECATION WARNING: Leaving `ActiveRecord::ConnectionAdapters::SQLite3Adapter.represent_boolean_as_integer`
set to false is deprecated. SQLite databases have used 't' and 'f' to serialize
boolean values and must have old data converted to 1 and 0 (its native boolean
serialization) before setting this flag to true. Conversion can be accomplished
by setting up a rake task which runs

  ExampleModel.where("boolean_column = 't'").update_all(boolean_column: 1)
  ExampleModel.where("boolean_column = 'f'").update_all(boolean_column: 0)

for all models and all boolean columns, after which the flag must be set to
true by adding the following to your application.rb file:

  Rails.application.config.active_record.sqlite3.represent_boolean_as_integer = true
 (called from <top (required)> at /home/ubuntu/workspace/learn-together/app/models/user.rb:1)
Started GET "/" for 45.26.2.11 at 2019-03-28 01:14:07 +0000
Cannot render console from 45.26.2.11! Allowed networks: 127.0.0.1, ::1, 127.0.0.0/127.255.255.255
  [1m[35m (0.2ms)[0m  [1m[34mSELECT "schema_migrations"."version" FROM "schema_migrations" ORDER BY "schema_migrations"."version" ASC[0m
Processing by HomeController#index as HTML
  Rendering home/index.html.erb within layouts/application
  Rendered home/index.html.erb within layouts/application (1.0ms)
Completed 500 Internal Server Error in 201ms (ActiveRecord: 0.0ms)


  
ActionView::Template::Error (couldn't find file 'jquery' with type 'application/javascript'
Checked in these paths: 
  /home/ubuntu/workspace/learn-together/app/assets/images
  /home/ubuntu/workspace/learn-together/app/assets/javascripts
  /home/ubuntu/workspace/learn-together/app/assets/stylesheets
  /home/ubuntu/workspace/learn-together/vendor/assets/javascripts
  /home/ubuntu/workspace/learn-together/vendor/assets/stylesheets
  /usr/local/rvm/gems/ruby-2.4.0/gems/coffee-rails-4.2.2/lib/assets/javascripts
  /usr/local/rvm/gems/ruby-2.4.0/gems/actioncable-5.2.2.1/lib/assets/compiled
  /usr/local/rvm/gems/ruby-2.4.0/gems/activestorage-5.2.2.1/app/assets/javascripts
  /usr/local/rvm/gems/ruby-2.4.0/gems/actionview-5.2.2.1/lib/assets/compiled
  /usr/local/rvm/gems/ruby-2.4.0/gems/turbolinks-source-5.2.0/lib/assets/javascripts):
    2: <html>
    3: <head>
    4:   <title>Learntogether</title>
    5:   <%= stylesheet_link_tag    'application', media: 'all', 'data-turbolinks-track' => true %>
    6:   <%= javascript_include_tag 'application', 'data-turbolinks-track' => true %>
    7:   <%= csrf_meta_tags %>
    8: </head>
  
app/assets/javascripts/application.js:13
app/views/layouts/application.html.erb:5:in `_app_views_layouts_application_html_erb__1136930306752211487_34408640'
DEPRECATION WARNING: Leaving `ActiveRecord::ConnectionAdapters::SQLite3Adapter.represent_boolean_as_integer`
set to false is deprecated. SQLite databases have used 't' and 'f' to serialize
boolean values and must have old data converted to 1 and 0 (its native boolean
serialization) before setting this flag to true. Conversion can be accomplished
by setting up a rake task which runs

  ExampleModel.where("boolean_column = 't'").update_all(boolean_column: 1)
  ExampleModel.where("boolean_column = 'f'").update_all(boolean_column: 0)

for all models and all boolean columns, after which the flag must be set to
true by adding the following to your application.rb file:

  Rails.application.config.active_record.sqlite3.represent_boolean_as_integer = true
 (called from <top (required)> at /home/ubuntu/workspace/learn-together/app/models/user.rb:1)
DEPRECATION WARNING: Leaving `ActiveRecord::ConnectionAdapters::SQLite3Adapter.represent_boolean_as_integer`
set to false is deprecated. SQLite databases have used 't' and 'f' to serialize
boolean values and must have old data converted to 1 and 0 (its native boolean
serialization) before setting this flag to true. Conversion can be accomplished
by setting up a rake task which runs

  ExampleModel.where("boolean_column = 't'").update_all(boolean_column: 1)
  ExampleModel.where("boolean_column = 'f'").update_all(boolean_column: 0)

for all models and all boolean columns, after which the flag must be set to
true by adding the following to your application.rb file:

  Rails.application.config.active_record.sqlite3.represent_boolean_as_integer = true
 (called from <top (required)> at /home/ubuntu/workspace/learn-together/app/models/user.rb:1)
  [1m[35m (0.3ms)[0m  [1m[34mSELECT "schema_migrations"."version" FROM "schema_migrations" ORDER BY "schema_migrations"."version" ASC[0m
  [1m[36mActiveRecord::InternalMetadata Load (0.3ms)[0m  [1m[34mSELECT  "ar_internal_metadata".* FROM "ar_internal_metadata" WHERE "ar_internal_metadata"."key" = ? LIMIT ?[0m  [["key", "environment"], ["LIMIT", 1]]
  [1m[35m (0.1ms)[0m  [1m[36mbegin transaction[0m
  [1m[35m (0.1ms)[0m  [1m[36mcommit transaction[0m
  [1m[35m (0.1ms)[0m  [1m[34mSELECT "schema_migrations"."version" FROM "schema_migrations" ORDER BY "schema_migrations"."version" ASC[0m
DEPRECATION WARNING: Leaving `ActiveRecord::ConnectionAdapters::SQLite3Adapter.represent_boolean_as_integer`
set to false is deprecated. SQLite databases have used 't' and 'f' to serialize
boolean values and must have old data converted to 1 and 0 (its native boolean
serialization) before setting this flag to true. Conversion can be accomplished
by setting up a rake task which runs

  ExampleModel.where("boolean_column = 't'").update_all(boolean_column: 1)
  ExampleModel.where("boolean_column = 'f'").update_all(boolean_column: 0)

for all models and all boolean columns, after which the flag must be set to
true by adding the following to your application.rb file:

  Rails.application.config.active_record.sqlite3.represent_boolean_as_integer = true
 (called from <top (required)> at /home/ubuntu/workspace/learn-together/app/models/user.rb:1)
Started GET "/" for 45.26.2.11 at 2019-03-28 01:16:19 +0000
Cannot render console from 45.26.2.11! Allowed networks: 127.0.0.1, ::1, 127.0.0.0/127.255.255.255
  [1m[35m (0.2ms)[0m  [1m[34mSELECT "schema_migrations"."version" FROM "schema_migrations" ORDER BY "schema_migrations"."version" ASC[0m
Processing by HomeController#index as HTML
  Rendering home/index.html.erb within layouts/application
  Rendered home/index.html.erb within layouts/application (1.1ms)
Completed 500 Internal Server Error in 194ms (ActiveRecord: 0.0ms)


  
ActionView::Template::Error (couldn't find file 'jquery' with type 'application/javascript'
Checked in these paths: 
  /home/ubuntu/workspace/learn-together/app/assets/images
  /home/ubuntu/workspace/learn-together/app/assets/javascripts
  /home/ubuntu/workspace/learn-together/app/assets/stylesheets
  /home/ubuntu/workspace/learn-together/vendor/assets/javascripts
  /home/ubuntu/workspace/learn-together/vendor/assets/stylesheets
  /usr/local/rvm/gems/ruby-2.4.0/gems/coffee-rails-4.2.2/lib/assets/javascripts
  /usr/local/rvm/gems/ruby-2.4.0/gems/actioncable-5.2.2.1/lib/assets/compiled
  /usr/local/rvm/gems/ruby-2.4.0/gems/activestorage-5.2.2.1/app/assets/javascripts
  /usr/local/rvm/gems/ruby-2.4.0/gems/actionview-5.2.2.1/lib/assets/compiled
  /usr/local/rvm/gems/ruby-2.4.0/gems/turbolinks-source-5.2.0/lib/assets/javascripts):
    2: <html>
    3: <head>
    4:   <title>Learntogether</title>
    5:   <%= stylesheet_link_tag    'application', media: 'all', 'data-turbolinks-track' => true %>
    6:   <%= javascript_include_tag 'application', 'data-turbolinks-track' => true %>
    7:   <%= csrf_meta_tags %>
    8: </head>
  
app/assets/javascripts/application.js:13
app/views/layouts/application.html.erb:5:in `_app_views_layouts_application_html_erb__3514500646812136531_45126060'
